mode: set
alta-store-project/routes/routes.go:11.23,57.2 29 0
alta-store-project/controllers/productCategoriesController.go:12.60,15.16 2 0
alta-store-project/controllers/productCategoriesController.go:18.2,22.4 1 0
alta-store-project/controllers/productCategoriesController.go:15.16,17.3 1 0
alta-store-project/controllers/productCategoriesController.go:25.64,29.16 3 0
alta-store-project/controllers/productCategoriesController.go:32.2,32.25 1 0
alta-store-project/controllers/productCategoriesController.go:38.2,42.4 1 0
alta-store-project/controllers/productCategoriesController.go:29.16,31.3 1 0
alta-store-project/controllers/productCategoriesController.go:32.25,37.3 1 0
alta-store-project/controllers/productCategoriesController.go:45.50,50.16 4 0
alta-store-project/controllers/productCategoriesController.go:53.2,57.4 1 0
alta-store-project/controllers/productCategoriesController.go:50.16,52.3 1 0
alta-store-project/controllers/productCategoriesController.go:60.53,66.16 5 0
alta-store-project/controllers/productCategoriesController.go:69.2,73.4 1 0
alta-store-project/controllers/productCategoriesController.go:66.16,68.3 1 0
alta-store-project/controllers/productCategoriesController.go:76.56,83.2 3 0
alta-store-project/controllers/userController.go:12.48,16.14 4 1
alta-store-project/controllers/userController.go:19.2,23.4 1 1
alta-store-project/controllers/userController.go:16.14,18.3 1 0
alta-store-project/controllers/userController.go:26.51,28.34 2 1
alta-store-project/controllers/userController.go:33.2,34.20 2 1
alta-store-project/controllers/userController.go:42.2,43.16 2 1
alta-store-project/controllers/userController.go:53.2,54.16 2 1
alta-store-project/controllers/userController.go:64.2,65.16 2 1
alta-store-project/controllers/userController.go:68.2,72.4 1 1
alta-store-project/controllers/userController.go:28.34,30.3 1 0
alta-store-project/controllers/userController.go:34.20,39.3 1 1
alta-store-project/controllers/userController.go:43.16,45.3 1 0
alta-store-project/controllers/userController.go:45.8,45.27 1 1
alta-store-project/controllers/userController.go:45.27,50.3 1 1
alta-store-project/controllers/userController.go:54.16,56.3 1 0
alta-store-project/controllers/userController.go:56.8,56.27 1 1
alta-store-project/controllers/userController.go:56.27,61.3 1 1
alta-store-project/controllers/userController.go:65.16,67.3 1 0
alta-store-project/controllers/userController.go:75.52,80.18 3 1
alta-store-project/controllers/userController.go:89.2,90.16 2 1
alta-store-project/controllers/userController.go:93.2,93.20 1 1
alta-store-project/controllers/userController.go:100.2,104.4 1 1
alta-store-project/controllers/userController.go:80.18,82.15 2 1
alta-store-project/controllers/userController.go:85.3,85.13 1 1
alta-store-project/controllers/userController.go:82.15,84.4 1 0
alta-store-project/controllers/userController.go:90.16,92.3 1 0
alta-store-project/controllers/userController.go:93.20,98.3 1 1
alta-store-project/lib/database/payment.go:10.31,14.2 3 0
alta-store-project/lib/database/payment.go:16.46,18.61 2 0
alta-store-project/lib/database/payment.go:21.2,21.27 1 0
alta-store-project/lib/database/payment.go:18.61,20.3 1 0
alta-store-project/lib/database/payment.go:24.57,27.36 3 0
alta-store-project/lib/database/payment.go:30.2,30.29 1 0
alta-store-project/lib/database/payment.go:33.2,33.21 1 0
alta-store-project/lib/database/payment.go:27.36,29.3 1 0
alta-store-project/lib/database/payment.go:30.29,32.3 1 0
alta-store-project/lib/database/payment.go:36.63,39.36 3 0
alta-store-project/lib/database/payment.go:42.2,42.29 1 0
alta-store-project/lib/database/payment.go:45.2,45.28 1 0
alta-store-project/lib/database/payment.go:39.36,41.3 1 0
alta-store-project/lib/database/payment.go:42.29,44.3 1 0
alta-store-project/lib/database/payment.go:48.57,51.36 3 0
alta-store-project/lib/database/payment.go:54.2,54.29 1 0
alta-store-project/lib/database/payment.go:62.2,62.21 1 0
alta-store-project/lib/database/payment.go:51.36,53.3 1 0
alta-store-project/lib/database/payment.go:54.29,56.3 1 0
alta-store-project/lib/database/payment.go:65.82,71.14 6 0
alta-store-project/lib/database/payment.go:75.2,75.24 1 0
alta-store-project/lib/database/payment.go:84.2,94.29 5 0
alta-store-project/lib/database/payment.go:106.2,106.27 1 0
alta-store-project/lib/database/payment.go:71.14,74.3 1 0
alta-store-project/lib/database/payment.go:75.24,77.3 1 0
alta-store-project/lib/database/payment.go:77.8,77.36 1 0
alta-store-project/lib/database/payment.go:77.36,79.38 2 0
alta-store-project/lib/database/payment.go:82.3,82.55 1 0
alta-store-project/lib/database/payment.go:79.38,81.4 1 0
alta-store-project/lib/database/payment.go:94.29,96.15 2 0
alta-store-project/lib/database/payment.go:96.15,98.4 1 0
alta-store-project/lib/database/payment.go:99.8,99.36 1 0
alta-store-project/lib/database/payment.go:99.36,101.15 2 0
alta-store-project/lib/database/payment.go:101.15,103.4 1 0
alta-store-project/lib/database/payment.go:108.38,111.29 3 0
alta-store-project/lib/database/payment.go:114.2,114.13 1 0
alta-store-project/lib/database/payment.go:111.29,113.3 1 0
alta-store-project/lib/database/product.go:9.41,12.52 2 1
alta-store-project/lib/database/product.go:15.2,15.22 1 1
alta-store-project/lib/database/product.go:12.52,14.3 1 0
alta-store-project/lib/database/product.go:18.57,21.32 3 1
alta-store-project/lib/database/product.go:24.2,24.29 1 1
alta-store-project/lib/database/product.go:27.2,27.22 1 1
alta-store-project/lib/database/product.go:21.32,23.3 1 0
alta-store-project/lib/database/product.go:24.29,26.3 1 1
alta-store-project/lib/database/product.go:30.47,33.32 3 0
alta-store-project/lib/database/product.go:36.2,36.29 1 0
alta-store-project/lib/database/product.go:39.2,39.44 1 0
alta-store-project/lib/database/product.go:33.32,35.3 1 0
alta-store-project/lib/database/product.go:36.29,38.3 1 0
alta-store-project/lib/database/product.go:42.49,48.2 2 0
alta-store-project/lib/database/product.go:50.39,55.31 4 0
alta-store-project/lib/database/product.go:55.31,62.3 3 0
alta-store-project/controllers/welcomeController.go:9.47,11.2 1 0
alta-store-project/lib/database/cart.go:10.48,14.36 4 0
alta-store-project/lib/database/cart.go:17.2,17.29 1 0
alta-store-project/lib/database/cart.go:20.2,20.23 1 0
alta-store-project/lib/database/cart.go:14.36,16.3 1 0
alta-store-project/lib/database/cart.go:17.29,19.3 1 0
alta-store-project/lib/database/cart.go:23.32,28.29 3 0
alta-store-project/lib/database/cart.go:32.2,32.26 1 0
alta-store-project/lib/database/cart.go:28.29,31.3 2 0
alta-store-project/lib/database/cart.go:35.83,41.16 5 0
alta-store-project/lib/database/cart.go:46.2,46.23 1 0
alta-store-project/lib/database/cart.go:51.2,51.24 1 0
alta-store-project/lib/database/cart.go:56.2,64.28 4 0
alta-store-project/lib/database/cart.go:67.2,68.22 2 0
alta-store-project/lib/database/cart.go:41.16,43.3 1 0
alta-store-project/lib/database/cart.go:46.23,48.3 1 0
alta-store-project/lib/database/cart.go:51.24,53.3 1 0
alta-store-project/lib/database/cart.go:64.28,66.3 1 0
alta-store-project/lib/database/cart.go:71.61,73.98 2 0
alta-store-project/lib/database/cart.go:76.2,76.18 1 0
alta-store-project/lib/database/cart.go:73.98,75.3 1 0
alta-store-project/lib/database/cart.go:79.78,85.24 5 0
alta-store-project/lib/database/cart.go:90.2,92.30 3 0
alta-store-project/lib/database/cart.go:85.24,87.3 1 0
alta-store-project/lib/database/cart.go:87.8,87.39 1 0
alta-store-project/lib/database/cart.go:87.39,89.3 1 0
alta-store-project/lib/database/checkout.go:9.56,20.24 9 0
alta-store-project/lib/database/checkout.go:23.2,23.29 1 0
alta-store-project/lib/database/checkout.go:26.2,26.22 1 0
alta-store-project/lib/database/checkout.go:20.24,22.3 1 0
alta-store-project/lib/database/checkout.go:23.29,25.3 1 0
alta-store-project/lib/database/checkout.go:29.72,37.24 6 0
alta-store-project/lib/database/checkout.go:40.2,40.29 1 0
alta-store-project/lib/database/checkout.go:43.2,43.22 1 0
alta-store-project/lib/database/checkout.go:37.24,39.3 1 0
alta-store-project/lib/database/checkout.go:40.29,42.3 1 0
alta-store-project/lib/database/checkout.go:46.84,54.31 5 0
alta-store-project/lib/database/checkout.go:59.2,59.21 1 0
alta-store-project/lib/database/checkout.go:67.2,68.21 2 0
alta-store-project/lib/database/checkout.go:76.2,77.23 2 0
alta-store-project/lib/database/checkout.go:98.2,109.32 3 0
alta-store-project/lib/database/checkout.go:123.2,123.21 1 0
alta-store-project/lib/database/checkout.go:135.2,135.21 1 0
alta-store-project/lib/database/checkout.go:54.31,56.3 1 0
alta-store-project/lib/database/checkout.go:59.21,61.32 2 0
alta-store-project/lib/database/checkout.go:61.32,63.4 1 0
alta-store-project/lib/database/checkout.go:68.21,71.3 1 0
alta-store-project/lib/database/checkout.go:71.8,74.3 1 0
alta-store-project/lib/database/checkout.go:77.23,95.3 10 0
alta-store-project/lib/database/checkout.go:109.32,118.3 3 0
alta-store-project/lib/database/checkout.go:123.21,125.97 1 0
alta-store-project/lib/database/checkout.go:125.97,127.4 1 0
alta-store-project/lib/database/checkout.go:128.8,130.88 1 0
alta-store-project/lib/database/checkout.go:130.88,132.4 1 0
alta-store-project/controllers/productController.go:12.50,15.16 2 1
alta-store-project/controllers/productController.go:18.2,22.4 1 1
alta-store-project/controllers/productController.go:15.16,17.3 1 0
alta-store-project/controllers/productController.go:25.61,29.16 3 1
alta-store-project/controllers/productController.go:32.2,32.23 1 1
alta-store-project/controllers/productController.go:38.2,42.4 1 1
alta-store-project/controllers/productController.go:29.16,31.3 1 0
alta-store-project/controllers/productController.go:32.23,37.3 1 1
alta-store-project/lib/database/productCategories.go:9.50,12.61 2 0
alta-store-project/lib/database/productCategories.go:15.2,15.31 1 0
alta-store-project/lib/database/productCategories.go:12.61,14.3 1 0
alta-store-project/lib/database/productCategories.go:19.60,22.32 3 0
alta-store-project/lib/database/productCategories.go:25.2,25.29 1 0
alta-store-project/lib/database/productCategories.go:28.2,28.31 1 0
alta-store-project/lib/database/productCategories.go:22.32,24.3 1 0
alta-store-project/lib/database/productCategories.go:25.29,27.3 1 0
alta-store-project/lib/database/productCategories.go:31.82,33.58 2 0
alta-store-project/lib/database/productCategories.go:36.2,36.22 1 0
alta-store-project/lib/database/productCategories.go:33.58,35.3 1 0
alta-store-project/lib/database/productCategories.go:39.90,41.88 2 0
alta-store-project/lib/database/productCategories.go:44.2,44.22 1 0
alta-store-project/lib/database/productCategories.go:41.88,43.3 1 0
alta-store-project/lib/database/productCategories.go:47.59,49.96 2 0
alta-store-project/lib/database/productCategories.go:52.2,52.18 1 0
alta-store-project/lib/database/productCategories.go:49.96,51.3 1 0
alta-store-project/controllers/paymentController.go:12.55,14.16 2 0
alta-store-project/controllers/paymentController.go:17.2,21.4 1 0
alta-store-project/controllers/paymentController.go:14.16,16.3 1 0
alta-store-project/controllers/paymentController.go:24.50,31.16 7 0
alta-store-project/controllers/paymentController.go:34.2,34.136 1 0
alta-store-project/controllers/paymentController.go:40.2,44.4 1 0
alta-store-project/controllers/paymentController.go:31.16,33.3 1 0
alta-store-project/controllers/paymentController.go:34.136,39.3 1 0
alta-store-project/controllers/paymentController.go:47.56,50.16 3 0
alta-store-project/controllers/paymentController.go:58.2,62.4 1 0
alta-store-project/controllers/paymentController.go:50.16,52.3 1 0
alta-store-project/controllers/paymentController.go:52.8,52.29 1 0
alta-store-project/controllers/paymentController.go:52.29,57.3 1 0
alta-store-project/controllers/paymentController.go:65.56,68.16 3 0
alta-store-project/controllers/paymentController.go:76.2,80.4 1 0
alta-store-project/controllers/paymentController.go:68.16,70.3 1 0
alta-store-project/controllers/paymentController.go:70.8,70.29 1 0
alta-store-project/controllers/paymentController.go:70.29,75.3 1 0
alta-store-project/controllers/paymentController.go:83.57,86.16 3 0
alta-store-project/controllers/paymentController.go:94.2,98.4 1 0
alta-store-project/controllers/paymentController.go:86.16,88.3 1 0
alta-store-project/controllers/paymentController.go:88.8,88.36 1 0
alta-store-project/controllers/paymentController.go:88.36,93.3 1 0
alta-store-project/lib/database/voucher.go:8.43,10.52 2 1
alta-store-project/lib/database/voucher.go:13.2,13.22 1 1
alta-store-project/lib/database/voucher.go:10.52,12.3 1 0
alta-store-project/lib/database/voucher.go:16.52,20.36 3 0
alta-store-project/lib/database/voucher.go:23.2,23.29 1 0
alta-store-project/lib/database/voucher.go:26.2,26.22 1 0
alta-store-project/lib/database/voucher.go:20.36,22.3 1 0
alta-store-project/lib/database/voucher.go:23.29,25.3 1 0
alta-store-project/lib/database/voucher.go:29.60,35.61 2 1
alta-store-project/lib/database/voucher.go:38.2,38.18 1 1
alta-store-project/lib/database/voucher.go:35.61,37.3 1 0
alta-store-project/lib/database/voucher.go:41.73,44.40 3 0
alta-store-project/lib/database/voucher.go:47.2,50.30 4 0
alta-store-project/lib/database/voucher.go:53.2,53.39 1 0
alta-store-project/lib/database/voucher.go:56.2,56.17 1 0
alta-store-project/lib/database/voucher.go:44.40,46.3 1 0
alta-store-project/lib/database/voucher.go:50.30,52.3 1 0
alta-store-project/lib/database/voucher.go:53.39,55.3 1 0
alta-store-project/lib/database/voucher.go:59.61,63.22 4 0
alta-store-project/lib/database/voucher.go:66.2,67.13 2 0
alta-store-project/lib/database/voucher.go:63.22,65.3 1 0
alta-store-project/lib/database/voucher.go:70.43,75.29 3 0
alta-store-project/lib/database/voucher.go:78.2,78.13 1 0
alta-store-project/lib/database/voucher.go:75.29,77.3 1 0
alta-store-project/controllers/cartController.go:13.46,16.16 3 0
alta-store-project/controllers/cartController.go:19.2,19.20 1 0
alta-store-project/controllers/cartController.go:25.2,29.4 1 0
alta-store-project/controllers/cartController.go:16.16,18.3 1 0
alta-store-project/controllers/cartController.go:19.20,24.3 1 0
alta-store-project/controllers/cartController.go:32.46,39.16 6 0
alta-store-project/controllers/cartController.go:42.2,42.20 1 0
alta-store-project/controllers/cartController.go:48.2,52.4 1 0
alta-store-project/controllers/cartController.go:39.16,41.3 1 0
alta-store-project/controllers/cartController.go:42.20,47.3 1 0
alta-store-project/controllers/cartController.go:55.49,59.16 4 0
alta-store-project/controllers/cartController.go:62.2,62.23 1 0
alta-store-project/controllers/cartController.go:68.2,73.4 3 0
alta-store-project/controllers/cartController.go:59.16,61.3 1 0
alta-store-project/controllers/cartController.go:62.23,67.3 1 0
alta-store-project/lib/database/user.go:9.54,12.24 3 1
alta-store-project/lib/database/user.go:17.2,17.18 1 1
alta-store-project/lib/database/user.go:12.24,14.3 1 0
alta-store-project/lib/database/user.go:14.8,14.36 1 1
alta-store-project/lib/database/user.go:14.36,16.3 1 1
alta-store-project/lib/database/user.go:20.48,23.24 3 1
alta-store-project/lib/database/user.go:28.2,28.18 1 1
alta-store-project/lib/database/user.go:23.24,25.3 1 0
alta-store-project/lib/database/user.go:25.8,25.36 1 1
alta-store-project/lib/database/user.go:25.36,27.3 1 1
alta-store-project/lib/database/user.go:31.48,34.24 3 1
alta-store-project/lib/database/user.go:39.2,39.18 1 1
alta-store-project/lib/database/user.go:34.24,36.3 1 0
alta-store-project/lib/database/user.go:36.8,36.36 1 1
alta-store-project/lib/database/user.go:36.36,38.3 1 1
alta-store-project/lib/database/user.go:42.55,43.9 1 1
alta-store-project/lib/database/user.go:56.2,56.17 1 1
alta-store-project/lib/database/user.go:44.23,45.23 1 1
alta-store-project/lib/database/user.go:46.24,47.24 1 1
alta-store-project/lib/database/user.go:48.24,49.31 1 1
alta-store-project/lib/database/user.go:50.27,51.27 1 1
alta-store-project/lib/database/user.go:52.26,53.26 1 1
alta-store-project/lib/database/user.go:59.60,61.24 2 1
alta-store-project/lib/database/user.go:64.2,65.14 2 1
alta-store-project/lib/database/user.go:68.2,68.18 1 1
alta-store-project/lib/database/user.go:61.24,63.3 1 0
alta-store-project/lib/database/user.go:65.14,67.3 1 0
alta-store-project/lib/database/user.go:71.58,73.114 2 1
alta-store-project/lib/database/user.go:76.2,77.16 2 1
alta-store-project/lib/database/user.go:80.2,80.51 1 1
alta-store-project/lib/database/user.go:83.2,83.18 1 1
alta-store-project/lib/database/user.go:73.114,75.3 1 0
alta-store-project/lib/database/user.go:77.16,79.3 1 0
alta-store-project/lib/database/user.go:80.51,82.3 1 0
alta-store-project/config/config.go:13.15,32.16 5 1
alta-store-project/config/config.go:32.16,33.13 1 0
alta-store-project/config/config.go:38.20,52.2 11 0
alta-store-project/middlewares/jwtMiddleware.go:11.46,19.2 6 1
alta-store-project/middlewares/jwtMiddleware.go:21.45,23.16 2 0
alta-store-project/middlewares/jwtMiddleware.go:28.2,28.10 1 0
alta-store-project/middlewares/jwtMiddleware.go:23.16,27.3 3 0
alta-store-project/main.go:9.13,23.2 5 0
alta-store-project/controllers/checkoutController.go:13.55,16.16 3 0
alta-store-project/controllers/checkoutController.go:19.2,19.24 1 0
alta-store-project/controllers/checkoutController.go:25.2,29.4 1 0
alta-store-project/controllers/checkoutController.go:16.16,18.3 1 0
alta-store-project/controllers/checkoutController.go:19.24,24.3 1 0
alta-store-project/controllers/checkoutController.go:32.54,36.16 4 0
alta-store-project/controllers/checkoutController.go:39.2,39.23 1 0
alta-store-project/controllers/checkoutController.go:45.2,49.4 1 0
alta-store-project/controllers/checkoutController.go:36.16,38.3 1 0
alta-store-project/controllers/checkoutController.go:39.23,44.3 1 0
alta-store-project/controllers/checkoutController.go:52.51,59.23 4 0
alta-store-project/controllers/checkoutController.go:69.2,69.45 1 0
alta-store-project/controllers/checkoutController.go:72.2,74.16 3 0
alta-store-project/controllers/checkoutController.go:77.2,77.23 1 0
alta-store-project/controllers/checkoutController.go:83.2,87.4 1 0
alta-store-project/controllers/checkoutController.go:59.23,61.23 2 0
alta-store-project/controllers/checkoutController.go:61.23,66.4 1 0
alta-store-project/controllers/checkoutController.go:69.45,71.3 1 0
alta-store-project/controllers/checkoutController.go:74.16,76.3 1 0
alta-store-project/controllers/checkoutController.go:77.23,82.3 1 0
alta-store-project/controllers/voucherController.go:12.52,14.16 2 1
alta-store-project/controllers/voucherController.go:17.2,21.4 1 1
alta-store-project/controllers/voucherController.go:14.16,16.3 1 0
alta-store-project/controllers/voucherController.go:24.51,27.16 3 0
alta-store-project/controllers/voucherController.go:36.2,40.4 1 0
alta-store-project/controllers/voucherController.go:27.16,29.3 1 0
alta-store-project/controllers/voucherController.go:29.8,29.30 1 0
alta-store-project/controllers/voucherController.go:29.30,35.3 1 0
