mode: set
alta-store-project/lib/database/cart.go:10.48,14.36 4 0
alta-store-project/lib/database/cart.go:17.2,17.29 1 0
alta-store-project/lib/database/cart.go:20.2,20.23 1 0
alta-store-project/lib/database/cart.go:14.36,16.3 1 0
alta-store-project/lib/database/cart.go:17.29,19.3 1 0
alta-store-project/lib/database/cart.go:23.32,28.29 3 0
alta-store-project/lib/database/cart.go:32.2,32.26 1 0
alta-store-project/lib/database/cart.go:28.29,31.3 2 0
alta-store-project/lib/database/cart.go:35.83,41.16 5 0
alta-store-project/lib/database/cart.go:46.2,46.23 1 0
alta-store-project/lib/database/cart.go:51.2,51.24 1 0
alta-store-project/lib/database/cart.go:56.2,64.28 4 0
alta-store-project/lib/database/cart.go:67.2,68.22 2 0
alta-store-project/lib/database/cart.go:41.16,43.3 1 0
alta-store-project/lib/database/cart.go:46.23,48.3 1 0
alta-store-project/lib/database/cart.go:51.24,53.3 1 0
alta-store-project/lib/database/cart.go:64.28,66.3 1 0
alta-store-project/lib/database/cart.go:71.61,73.98 2 0
alta-store-project/lib/database/cart.go:76.2,76.18 1 0
alta-store-project/lib/database/cart.go:73.98,75.3 1 0
alta-store-project/lib/database/cart.go:79.78,85.24 5 0
alta-store-project/lib/database/cart.go:90.2,92.30 3 0
alta-store-project/lib/database/cart.go:85.24,87.3 1 0
alta-store-project/lib/database/cart.go:87.8,87.39 1 0
alta-store-project/lib/database/cart.go:87.39,89.3 1 0
alta-store-project/main.go:9.13,23.2 5 0
alta-store-project/controllers/welcomeController.go:9.47,11.2 1 0
alta-store-project/middlewares/jwtMiddleware.go:11.46,19.2 6 1
alta-store-project/middlewares/jwtMiddleware.go:21.45,23.16 2 0
alta-store-project/middlewares/jwtMiddleware.go:28.2,28.10 1 0
alta-store-project/middlewares/jwtMiddleware.go:23.16,27.3 3 0
alta-store-project/lib/database/checkout.go:9.56,20.24 9 0
alta-store-project/lib/database/checkout.go:23.2,23.29 1 0
alta-store-project/lib/database/checkout.go:26.2,26.22 1 0
alta-store-project/lib/database/checkout.go:20.24,22.3 1 0
alta-store-project/lib/database/checkout.go:23.29,25.3 1 0
alta-store-project/lib/database/checkout.go:29.72,37.24 6 0
alta-store-project/lib/database/checkout.go:40.2,40.29 1 0
alta-store-project/lib/database/checkout.go:43.2,43.22 1 0
alta-store-project/lib/database/checkout.go:37.24,39.3 1 0
alta-store-project/lib/database/checkout.go:40.29,42.3 1 0
alta-store-project/lib/database/checkout.go:46.64,54.31 5 0
alta-store-project/lib/database/checkout.go:59.2,59.21 1 0
alta-store-project/lib/database/checkout.go:67.2,68.21 2 0
alta-store-project/lib/database/checkout.go:77.2,88.32 3 0
alta-store-project/lib/database/checkout.go:102.2,102.21 1 0
alta-store-project/lib/database/checkout.go:114.2,114.21 1 0
alta-store-project/lib/database/checkout.go:54.31,56.3 1 0
alta-store-project/lib/database/checkout.go:59.21,61.32 2 0
alta-store-project/lib/database/checkout.go:61.32,63.4 1 0
alta-store-project/lib/database/checkout.go:68.21,71.3 1 0
alta-store-project/lib/database/checkout.go:71.8,74.3 1 0
alta-store-project/lib/database/checkout.go:88.32,97.3 3 0
alta-store-project/lib/database/checkout.go:102.21,104.97 1 0
alta-store-project/lib/database/checkout.go:104.97,106.4 1 0
alta-store-project/lib/database/checkout.go:107.8,109.88 1 0
alta-store-project/lib/database/checkout.go:109.88,111.4 1 0
alta-store-project/controllers/paymentController.go:11.55,13.16 2 0
alta-store-project/controllers/paymentController.go:16.2,19.4 1 0
alta-store-project/controllers/paymentController.go:13.16,15.3 1 0
alta-store-project/controllers/paymentController.go:22.50,29.16 7 0
alta-store-project/controllers/paymentController.go:32.2,32.136 1 0
alta-store-project/controllers/paymentController.go:38.2,41.4 1 0
alta-store-project/controllers/paymentController.go:29.16,31.3 1 0
alta-store-project/controllers/paymentController.go:32.136,37.3 1 0
alta-store-project/controllers/paymentController.go:44.56,47.16 3 0
alta-store-project/controllers/paymentController.go:55.2,58.4 1 0
alta-store-project/controllers/paymentController.go:47.16,49.3 1 0
alta-store-project/controllers/paymentController.go:49.8,49.29 1 0
alta-store-project/controllers/paymentController.go:49.29,54.3 1 0
alta-store-project/controllers/paymentController.go:61.56,64.16 3 0
alta-store-project/controllers/paymentController.go:72.2,75.4 1 0
alta-store-project/controllers/paymentController.go:64.16,66.3 1 0
alta-store-project/controllers/paymentController.go:66.8,66.29 1 0
alta-store-project/controllers/paymentController.go:66.29,71.3 1 0
alta-store-project/config/config.go:13.15,32.16 5 1
alta-store-project/config/config.go:32.16,33.13 1 0
alta-store-project/config/config.go:38.20,47.2 8 0
alta-store-project/lib/database/product.go:9.41,12.52 2 1
alta-store-project/lib/database/product.go:15.2,15.22 1 1
alta-store-project/lib/database/product.go:12.52,14.3 1 0
alta-store-project/lib/database/product.go:18.57,21.32 3 1
alta-store-project/lib/database/product.go:24.2,24.29 1 1
alta-store-project/lib/database/product.go:27.2,27.22 1 1
alta-store-project/lib/database/product.go:21.32,23.3 1 0
alta-store-project/lib/database/product.go:24.29,26.3 1 1
alta-store-project/lib/database/product.go:30.47,33.32 3 0
alta-store-project/lib/database/product.go:36.2,36.29 1 0
alta-store-project/lib/database/product.go:39.2,39.44 1 0
alta-store-project/lib/database/product.go:33.32,35.3 1 0
alta-store-project/lib/database/product.go:36.29,38.3 1 0
alta-store-project/lib/database/product.go:42.49,48.2 2 0
alta-store-project/lib/database/product.go:50.39,55.31 4 0
alta-store-project/lib/database/product.go:55.31,62.3 3 0
alta-store-project/lib/database/productCategories.go:9.50,12.61 2 0
alta-store-project/lib/database/productCategories.go:15.2,15.31 1 0
alta-store-project/lib/database/productCategories.go:12.61,14.3 1 0
alta-store-project/lib/database/productCategories.go:19.60,22.32 3 0
alta-store-project/lib/database/productCategories.go:25.2,25.29 1 0
alta-store-project/lib/database/productCategories.go:28.2,28.31 1 0
alta-store-project/lib/database/productCategories.go:22.32,24.3 1 0
alta-store-project/lib/database/productCategories.go:25.29,27.3 1 0
alta-store-project/lib/database/productCategories.go:31.82,33.58 2 0
alta-store-project/lib/database/productCategories.go:36.2,36.22 1 0
alta-store-project/lib/database/productCategories.go:33.58,35.3 1 0
alta-store-project/lib/database/productCategories.go:39.90,41.88 2 0
alta-store-project/lib/database/productCategories.go:44.2,44.22 1 0
alta-store-project/lib/database/productCategories.go:41.88,43.3 1 0
alta-store-project/lib/database/productCategories.go:47.59,49.96 2 0
alta-store-project/lib/database/productCategories.go:52.2,52.18 1 0
alta-store-project/lib/database/productCategories.go:49.96,51.3 1 0
alta-store-project/routes/routes.go:11.23,53.2 26 0
alta-store-project/controllers/cartController.go:13.46,16.16 3 0
alta-store-project/controllers/cartController.go:19.2,19.20 1 0
alta-store-project/controllers/cartController.go:25.2,29.4 1 0
alta-store-project/controllers/cartController.go:16.16,18.3 1 0
alta-store-project/controllers/cartController.go:19.20,24.3 1 0
alta-store-project/controllers/cartController.go:32.46,39.16 6 0
alta-store-project/controllers/cartController.go:42.2,42.20 1 0
alta-store-project/controllers/cartController.go:48.2,52.4 1 0
alta-store-project/controllers/cartController.go:39.16,41.3 1 0
alta-store-project/controllers/cartController.go:42.20,47.3 1 0
alta-store-project/controllers/cartController.go:55.49,59.16 4 0
alta-store-project/controllers/cartController.go:62.2,62.23 1 0
alta-store-project/controllers/cartController.go:68.2,73.4 3 0
alta-store-project/controllers/cartController.go:59.16,61.3 1 0
alta-store-project/controllers/cartController.go:62.23,67.3 1 0
alta-store-project/controllers/productCategoriesController.go:11.60,14.16 2 0
alta-store-project/controllers/productCategoriesController.go:17.2,20.4 1 0
alta-store-project/controllers/productCategoriesController.go:14.16,16.3 1 0
alta-store-project/controllers/productCategoriesController.go:23.64,27.16 3 0
alta-store-project/controllers/productCategoriesController.go:30.2,30.25 1 0
alta-store-project/controllers/productCategoriesController.go:36.2,39.4 1 0
alta-store-project/controllers/productCategoriesController.go:27.16,29.3 1 0
alta-store-project/controllers/productCategoriesController.go:30.25,35.3 1 0
alta-store-project/controllers/productCategoriesController.go:42.50,47.16 4 0
alta-store-project/controllers/productCategoriesController.go:50.2,54.4 1 0
alta-store-project/controllers/productCategoriesController.go:47.16,49.3 1 0
alta-store-project/controllers/productCategoriesController.go:57.53,63.16 5 0
alta-store-project/controllers/productCategoriesController.go:66.2,70.4 1 0
alta-store-project/controllers/productCategoriesController.go:63.16,65.3 1 0
alta-store-project/controllers/productCategoriesController.go:73.56,80.2 3 0
alta-store-project/controllers/userController.go:12.48,16.14 4 1
alta-store-project/controllers/userController.go:19.2,22.4 1 1
alta-store-project/controllers/userController.go:16.14,18.3 1 0
alta-store-project/controllers/userController.go:25.51,27.34 2 0
alta-store-project/controllers/userController.go:32.2,33.20 2 0
alta-store-project/controllers/userController.go:41.2,42.16 2 0
alta-store-project/controllers/userController.go:52.2,53.16 2 0
alta-store-project/controllers/userController.go:63.2,64.16 2 0
alta-store-project/controllers/userController.go:67.2,70.4 1 0
alta-store-project/controllers/userController.go:27.34,29.3 1 0
alta-store-project/controllers/userController.go:33.20,38.3 1 0
alta-store-project/controllers/userController.go:42.16,44.3 1 0
alta-store-project/controllers/userController.go:44.8,44.27 1 0
alta-store-project/controllers/userController.go:44.27,49.3 1 0
alta-store-project/controllers/userController.go:53.16,55.3 1 0
alta-store-project/controllers/userController.go:55.8,55.27 1 0
alta-store-project/controllers/userController.go:55.27,60.3 1 0
alta-store-project/controllers/userController.go:64.16,66.3 1 0
alta-store-project/controllers/userController.go:73.52,78.18 3 1
alta-store-project/controllers/userController.go:87.2,88.16 2 1
alta-store-project/controllers/userController.go:91.2,91.20 1 1
alta-store-project/controllers/userController.go:98.2,101.4 1 1
alta-store-project/controllers/userController.go:78.18,80.15 2 1
alta-store-project/controllers/userController.go:83.3,83.13 1 1
alta-store-project/controllers/userController.go:80.15,82.4 1 0
alta-store-project/controllers/userController.go:88.16,90.3 1 0
alta-store-project/controllers/userController.go:91.20,96.3 1 1
alta-store-project/controllers/checkoutController.go:12.55,15.16 3 0
alta-store-project/controllers/checkoutController.go:18.2,18.24 1 0
alta-store-project/controllers/checkoutController.go:24.2,27.4 1 0
alta-store-project/controllers/checkoutController.go:15.16,17.3 1 0
alta-store-project/controllers/checkoutController.go:18.24,23.3 1 0
alta-store-project/controllers/checkoutController.go:30.54,34.16 4 0
alta-store-project/controllers/checkoutController.go:37.2,37.23 1 0
alta-store-project/controllers/checkoutController.go:43.2,46.4 1 0
alta-store-project/controllers/checkoutController.go:34.16,36.3 1 0
alta-store-project/controllers/checkoutController.go:37.23,42.3 1 0
alta-store-project/controllers/checkoutController.go:49.51,52.45 3 0
alta-store-project/controllers/checkoutController.go:55.2,57.16 3 0
alta-store-project/controllers/checkoutController.go:60.2,60.23 1 0
alta-store-project/controllers/checkoutController.go:66.2,69.4 1 0
alta-store-project/controllers/checkoutController.go:52.45,54.3 1 0
alta-store-project/controllers/checkoutController.go:57.16,59.3 1 0
alta-store-project/controllers/checkoutController.go:60.23,65.3 1 0
alta-store-project/controllers/productController.go:12.50,15.16 2 1
alta-store-project/controllers/productController.go:18.2,22.4 1 1
alta-store-project/controllers/productController.go:15.16,17.3 1 0
alta-store-project/controllers/productController.go:25.61,29.16 3 1
alta-store-project/controllers/productController.go:32.2,32.23 1 1
alta-store-project/controllers/productController.go:38.2,42.4 1 1
alta-store-project/controllers/productController.go:29.16,31.3 1 0
alta-store-project/controllers/productController.go:32.23,37.3 1 1
alta-store-project/lib/database/payment.go:10.31,14.2 3 0
alta-store-project/lib/database/payment.go:16.46,18.61 2 0
alta-store-project/lib/database/payment.go:21.2,21.27 1 0
alta-store-project/lib/database/payment.go:18.61,20.3 1 0
alta-store-project/lib/database/payment.go:24.57,27.36 3 0
alta-store-project/lib/database/payment.go:30.2,30.29 1 0
alta-store-project/lib/database/payment.go:33.2,33.21 1 0
alta-store-project/lib/database/payment.go:27.36,29.3 1 0
alta-store-project/lib/database/payment.go:30.29,32.3 1 0
alta-store-project/lib/database/payment.go:36.57,39.36 3 0
alta-store-project/lib/database/payment.go:42.2,42.29 1 0
alta-store-project/lib/database/payment.go:50.2,50.21 1 0
alta-store-project/lib/database/payment.go:39.36,41.3 1 0
alta-store-project/lib/database/payment.go:42.29,44.3 1 0
alta-store-project/lib/database/payment.go:53.82,59.14 6 0
alta-store-project/lib/database/payment.go:63.2,63.24 1 0
alta-store-project/lib/database/payment.go:72.2,78.27 3 0
alta-store-project/lib/database/payment.go:59.14,62.3 1 0
alta-store-project/lib/database/payment.go:63.24,65.3 1 0
alta-store-project/lib/database/payment.go:65.8,65.36 1 0
alta-store-project/lib/database/payment.go:65.36,67.38 2 0
alta-store-project/lib/database/payment.go:70.3,70.55 1 0
alta-store-project/lib/database/payment.go:67.38,69.4 1 0
alta-store-project/lib/database/payment.go:80.38,83.29 3 0
alta-store-project/lib/database/payment.go:86.2,86.13 1 0
alta-store-project/lib/database/payment.go:83.29,85.3 1 0
alta-store-project/lib/database/user.go:9.54,12.24 3 1
alta-store-project/lib/database/user.go:17.2,17.18 1 1
alta-store-project/lib/database/user.go:12.24,14.3 1 0
alta-store-project/lib/database/user.go:14.8,14.36 1 1
alta-store-project/lib/database/user.go:14.36,16.3 1 1
alta-store-project/lib/database/user.go:20.48,23.24 3 0
alta-store-project/lib/database/user.go:28.2,28.18 1 0
alta-store-project/lib/database/user.go:23.24,25.3 1 0
alta-store-project/lib/database/user.go:25.8,25.36 1 0
alta-store-project/lib/database/user.go:25.36,27.3 1 0
alta-store-project/lib/database/user.go:31.48,34.24 3 0
alta-store-project/lib/database/user.go:39.2,39.18 1 0
alta-store-project/lib/database/user.go:34.24,36.3 1 0
alta-store-project/lib/database/user.go:36.8,36.36 1 0
alta-store-project/lib/database/user.go:36.36,38.3 1 0
alta-store-project/lib/database/user.go:42.55,43.9 1 0
alta-store-project/lib/database/user.go:56.2,56.17 1 0
alta-store-project/lib/database/user.go:44.23,45.23 1 0
alta-store-project/lib/database/user.go:46.24,47.24 1 0
alta-store-project/lib/database/user.go:48.24,49.31 1 0
alta-store-project/lib/database/user.go:50.27,51.27 1 0
alta-store-project/lib/database/user.go:52.26,53.26 1 0
alta-store-project/lib/database/user.go:59.60,61.24 2 0
alta-store-project/lib/database/user.go:64.2,64.18 1 0
alta-store-project/lib/database/user.go:61.24,63.3 1 0
alta-store-project/lib/database/user.go:67.58,69.114 2 1
alta-store-project/lib/database/user.go:72.2,73.16 2 1
alta-store-project/lib/database/user.go:76.2,76.51 1 1
alta-store-project/lib/database/user.go:79.2,79.18 1 1
alta-store-project/lib/database/user.go:69.114,71.3 1 0
alta-store-project/lib/database/user.go:73.16,75.3 1 0
alta-store-project/lib/database/user.go:76.51,78.3 1 0
